<?xml version="1.0" encoding="UTF-8"?>
<!-- Generated by org.testng.reporters.JUnitReportReporter -->
<testsuite skipped="0" hostname="com" name="com.hybridFramework.Test.TC_loginTest_001" tests="1" failures="0" timestamp="2020-02-17T23:55:57 IST" time="5.915" errors="0">
  <testcase name="loginTest" time="5.915" classname="com.hybridFramework.Test.TC_loginTest_001"/>
  <system-out/>
</testsuite> <!-- com.hybridFramework.Test.TC_loginTest_001 -->
